<?xml version="1.0" encoding="UTF-8"?>
<testng-results ignored="0" total="2" passed="2" failed="0" skipped="0">
  <reporter-output>
  </reporter-output>
  <suite started-at="2019-07-12T13:00:15Z" name="Default suite" finished-at="2019-07-12T13:00:18Z" duration-ms="2982">
    <groups>
    </groups>
    <test started-at="2019-07-12T13:00:15Z" name="Default test" finished-at="2019-07-12T13:00:18Z" duration-ms="2982">
      <class name="com.atmecs.RestAssured.AutomationTests.TestBasicFeatures">
        <test-method signature="getEmployee()[pri:0, instance:com.atmecs.RestAssured.AutomationTests.TestBasicFeatures@4470f8a6]" started-at="2019-07-12T13:00:15Z" name="getEmployee" finished-at="2019-07-12T13:00:17Z" duration-ms="2092" status="PASS">
          <reporter-output>
          </reporter-output>
        </test-method> <!-- getEmployee -->
        <test-method signature="postEmployee()[pri:0, instance:com.atmecs.RestAssured.AutomationTests.TestBasicFeatures@4470f8a6]" started-at="2019-07-12T13:00:17Z" name="postEmployee" finished-at="2019-07-12T13:00:18Z" duration-ms="844" status="PASS">
          <reporter-output>
          </reporter-output>
        </test-method> <!-- postEmployee -->
      </class> <!-- com.atmecs.RestAssured.AutomationTests.TestBasicFeatures -->
    </test> <!-- Default test -->
  </suite> <!-- Default suite -->
</testng-results>
