<?xml version="1.0" encoding="UTF-8"?>
<!-- Generated by org.testng.reporters.JUnitXMLReporter -->
<testsuite ignored="0" hostname="ATMECSINDT-009" failures="0" tests="2" name="Default test" time="2.982" errors="0" timestamp="12 Jul 2019 13:00:18 GMT">
  <testcase classname="com.atmecs.RestAssured.AutomationTests.TestBasicFeatures" name="getEmployee" time="2.092"/>
  <testcase classname="com.atmecs.RestAssured.AutomationTests.TestBasicFeatures" name="postEmployee" time="0.844"/>
</testsuite> <!-- Default test -->
